#
# There is insufficient memory for the Java Runtime Environment to continue.
# Native memory allocation (malloc) failed to allocate 2242096 bytes for Chunk::new
# Possible reasons:
#   The system is out of physical RAM or swap space
#   In 32 bit mode, the process size limit was hit
# Possible solutions:
#   Reduce memory load on the system
#   Increase physical memory or swap space
#   Check if swap backing store is full
#   Use 64 bit Java on a 64 bit OS
#   Decrease Java heap size (-Xmx/-Xms)
#   Decrease number of Java threads
#   Decrease Java thread stack sizes (-Xss)
#   Set larger code cache with -XX:ReservedCodeCacheSize=
# This output file may be truncated or incomplete.
#
#  Out of Memory Error (allocation.cpp:390), pid=10012, tid=0x0000000000003410
#
# JRE version: Java(TM) SE Runtime Environment (8.0_181-b13) (build 1.8.0_181-b13)
# Java VM: Java HotSpot(TM) 64-Bit Server VM (25.181-b13 mixed mode windows-amd64 compressed oops)
# Failed to write core dump. Minidumps are not enabled by default on client versions of Windows
#

---------------  T H R E A D  ---------------

Current thread (0x0000000019b5b000):  JavaThread "C2 CompilerThread0" daemon [_thread_in_native, id=13328, stack(0x000000001b5c0000,0x000000001b6c0000)]

Stack: [0x000000001b5c0000,0x000000001b6c0000]
[error occurred during error reporting (printing stack bounds), id 0xc0000005]

Native frames: (J=compiled Java code, j=interpreted, Vv=VM code, C=native code)


Current CompileTask:
C2: 504567 6618       4       java.net.URLClassLoader$1::run (5 bytes)


---------------  P R O C E S S  ---------------

Java Threads: ( => current thread )
  0x000000001fa24000 JavaThread "DubboServerHandler-192.168.25.1:20887-thread-3" daemon [_thread_blocked, id=14392, stack(0x000000002ada0000,0x000000002aea0000)]
  0x000000001fa2a800 JavaThread "Druid-ConnectionPool-Destroy-931118202" daemon [_thread_blocked, id=15200, stack(0x000000002aaa0000,0x000000002aba0000)]
  0x000000001fa23000 JavaThread "Druid-ConnectionPool-Create-931118202" daemon [_thread_blocked, id=14420, stack(0x000000002a9a0000,0x000000002aaa0000)]
  0x000000001fa2a000 JavaThread "Abandoned connection cleanup thread" daemon [_thread_blocked, id=7728, stack(0x000000002a8a0000,0x000000002a9a0000)]
  0x000000001fa26000 JavaThread "DubboServerHandler-192.168.25.1:20887-thread-2" daemon [_thread_blocked, id=15812, stack(0x000000002a7a0000,0x000000002a8a0000)]
  0x000000001fa29000 JavaThread "DubboServerHandler-192.168.25.1:20887-thread-1" daemon [_thread_blocked, id=10004, stack(0x000000002a6a0000,0x000000002a7a0000)]
  0x000000001fa25800 JavaThread "http-bio-9007-AsyncTimeout" daemon [_thread_blocked, id=14680, stack(0x000000002a5a0000,0x000000002a6a0000)]
  0x000000001fa27000 JavaThread "http-bio-9007-Acceptor-0" daemon [_thread_in_native, id=4432, stack(0x000000002a4a0000,0x000000002a5a0000)]
  0x000000001fa28800 JavaThread "ContainerBackgroundProcessor[StandardEngine[Tomcat]]" daemon [_thread_blocked, id=12812, stack(0x000000002a3a0000,0x000000002a4a0000)]
  0x000000001fa27800 JavaThread "DubboSaveRegistryCache-thread-1" daemon [_thread_blocked, id=16232, stack(0x000000002a2a0000,0x000000002a3a0000)]
  0x00000000235ef800 JavaThread "localhost-startStop-1-EventThread" daemon [_thread_blocked, id=8140, stack(0x000000002a0a0000,0x000000002a1a0000)]
  0x00000000235ee800 JavaThread "localhost-startStop-1-SendThread(192.168.25.129:2181)" daemon [_thread_in_native, id=3924, stack(0x0000000029fa0000,0x000000002a0a0000)]
  0x00000000235ee000 JavaThread "ZkClient-EventThread-26-192.168.25.129:2181" daemon [_thread_blocked, id=13632, stack(0x0000000029ea0000,0x0000000029fa0000)]
  0x00000000235eb800 JavaThread "DubboRegistryFailedRetryTimer-thread-1" daemon [_thread_blocked, id=13984, stack(0x0000000029da0000,0x0000000029ea0000)]
  0x00000000235ed000 JavaThread "dubbo-remoting-server-heartbeat-thread-1" daemon [_thread_blocked, id=6324, stack(0x0000000029ca0000,0x0000000029da0000)]
  0x00000000235ea000 JavaThread "New I/O server boss #6" daemon [_thread_in_native, id=12380, stack(0x0000000029ba0000,0x0000000029ca0000)]
  0x00000000235ec000 JavaThread "New I/O worker #5" daemon [_thread_in_native, id=13772, stack(0x0000000029aa0000,0x0000000029ba0000)]
  0x00000000235e9000 JavaThread "New I/O worker #4" daemon [_thread_in_native, id=15668, stack(0x00000000299a0000,0x0000000029aa0000)]
  0x00000000235e8800 JavaThread "New I/O worker #3" daemon [_thread_in_native, id=16076, stack(0x00000000298a0000,0x00000000299a0000)]
  0x0000000025680000 JavaThread "New I/O worker #2" daemon [_thread_in_native, id=10588, stack(0x00000000297a0000,0x00000000298a0000)]
  0x000000002567e800 JavaThread "New I/O worker #1" daemon [_thread_in_native, id=10956, stack(0x00000000296a0000,0x00000000297a0000)]
  0x00000000223f3800 JavaThread "commons-pool-EvictionTimer" daemon [_thread_blocked, id=6504, stack(0x00000000291a0000,0x00000000292a0000)]
  0x00000000283eb800 JavaThread "Thread-2" daemon [_thread_in_native, id=11284, stack(0x0000000021360000,0x0000000021460000)]
  0x000000001b049800 JavaThread "Service Thread" daemon [_thread_blocked, id=11724, stack(0x000000001b8c0000,0x000000001b9c0000)]
  0x000000001aff0800 JavaThread "C1 CompilerThread2" daemon [_thread_blocked, id=11520, stack(0x000000001b7c0000,0x000000001b8c0000)]
  0x000000001afd2800 JavaThread "C2 CompilerThread1" daemon [_thread_blocked, id=14600, stack(0x000000001b6c0000,0x000000001b7c0000)]
=>0x0000000019b5b000 JavaThread "C2 CompilerThread0" daemon [_thread_in_native, id=13328, stack(0x000000001b5c0000,0x000000001b6c0000)]
  0x0000000019b59800 JavaThread "Attach Listener" daemon [_thread_blocked, id=2392, stack(0x000000001b4c0000,0x000000001b5c0000)]
  0x000000001afc8800 JavaThread "Signal Dispatcher" daemon [_thread_blocked, id=3960, stack(0x000000001b3c0000,0x000000001b4c0000)]
  0x0000000004f9b000 JavaThread "Finalizer" daemon [_thread_blocked, id=6024, stack(0x000000001ad60000,0x000000001ae60000)]
  0x0000000004f92000 JavaThread "Reference Handler" daemon [_thread_blocked, id=13392, stack(0x000000001ac60000,0x000000001ad60000)]
  0x0000000004d9d800 JavaThread "main" [_thread_blocked, id=15108, stack(0x0000000004da0000,0x0000000004ea0000)]

Other Threads:
  0x0000000019ac7800 VMThread [stack: 0x000000001ab60000,0x000000001ac60000] [id=7204]
  0x000000001b04c800 WatcherThread [stack: 0x000000001b9c0000,0x000000001bac0000] [id=14604]

VM state:not at safepoint (normal execution)

VM Mutex/Monitor currently owned by a thread: None

Heap:
 PSYoungGen      total 254976K, used 85104K [0x00000000d5d00000, 0x00000000e7480000, 0x0000000100000000)
  eden space 238080K, 31% used [0x00000000d5d00000,0x00000000da72a0a8,0x00000000e4580000)
  from space 16896K, 54% used [0x00000000e6400000,0x00000000e6cf21c0,0x00000000e7480000)
  to   space 24064K, 0% used [0x00000000e4580000,0x00000000e4580000,0x00000000e5d00000)
 ParOldGen       total 105472K, used 36807K [0x0000000081600000, 0x0000000087d00000, 0x00000000d5d00000)
  object space 105472K, 34% used [0x0000000081600000,0x00000000839f1cf8,0x0000000087d00000)
 Metaspace       used 44545K, capacity 45318K, committed 45864K, reserved 1089536K
  class space    used 5185K, capacity 5371K, committed 5424K, reserved 1048576K

Card table byte_map: [0x0000000014360000,0x0000000014760000] byte_map_base: 0x0000000013f55000

Marking Bits: (ParMarkBitMap*) 0x0000000063432d00
 Begin Bits: [0x0000000014e10000, 0x0000000016db8000)
 End Bits:   [0x0000000016db8000, 0x0000000018d60000)

Polling page: 0x0000000002d10000

CodeCache: size=245760Kb used=18710Kb max_used=20031Kb free=227049Kb
 bounds [0x0000000004fa0000, 0x0000000006350000, 0x0000000013fa0000]
 total_blobs=6036 nmethods=5515 adapters=433
 compilation: enabled

Compilation events (10 events):
Event: 504.396 Thread 0x000000001aff0800 nmethod 6665 0x0000000005f4c190 code [0x0000000005f4c380, 0x0000000005f4cdf8]
Event: 504.396 Thread 0x000000001aff0800 6666       3       java.nio.charset.CharsetDecoder::decode (136 bytes)
Event: 504.397 Thread 0x000000001afd2800 nmethod 6663 0x00000000056f2150 code [0x00000000056f2280, 0x00000000056f23b8]
Event: 504.398 Thread 0x000000001aff0800 nmethod 6666 0x0000000005559810 code [0x0000000005559ae0, 0x000000000555b268]
Event: 504.398 Thread 0x000000001aff0800 6667       3       java.nio.charset.CharsetDecoder::averageCharsPerByte (5 bytes)
Event: 504.398 Thread 0x000000001aff0800 nmethod 6667 0x00000000051c7650 code [0x00000000051c77a0, 0x00000000051c78f0]
Event: 504.399 Thread 0x000000001aff0800 6668       3       java.util.logging.LogManager$LoggerContext::getRootLogger (8 bytes)
Event: 504.399 Thread 0x000000001aff0800 nmethod 6668 0x00000000051c7250 code [0x00000000051c73a0, 0x00000000051c75b0]
Event: 504.408 Thread 0x000000001afd2800 6669       4       java.lang.Thread::isInterrupted (6 bytes)
Event: 504.409 Thread 0x000000001afd2800 nmethod 6669 0x0000000005231950 code [0x0000000005231aa0, 0x0000000005231b48]

GC Heap History (10 events):
Event: 24.655 GC heap before
{Heap before GC invocations=18 (full 1):
 PSYoungGen      total 156672K, used 156664K [0x00000000d5d00000, 0x00000000e0d80000, 0x0000000100000000)
  eden space 140800K, 100% used [0x00000000d5d00000,0x00000000de680000,0x00000000de680000)
  from space 15872K, 99% used [0x00000000df900000,0x00000000e087e228,0x00000000e0880000)
  to   space 18944K, 0% used [0x00000000de680000,0x00000000de680000,0x00000000df900000)
 ParOldGen       total 69632K, used 31119K [0x0000000081600000, 0x0000000085a00000, 0x00000000d5d00000)
  object space 69632K, 44% used [0x0000000081600000,0x0000000083463e88,0x0000000085a00000)
 Metaspace       used 24003K, capacity 24620K, committed 24752K, reserved 1071104K
  class space    used 2794K, capacity 2967K, committed 2992K, reserved 1048576K
Event: 24.726 GC heap after
Heap after GC invocations=18 (full 1):
 PSYoungGen      total 159744K, used 18929K [0x00000000d5d00000, 0x00000000e4180000, 0x0000000100000000)
  eden space 140800K, 0% used [0x00000000d5d00000,0x00000000d5d00000,0x00000000de680000)
  from space 18944K, 99% used [0x00000000de680000,0x00000000df8fc748,0x00000000df900000)
  to   space 23040K, 0% used [0x00000000e2b00000,0x00000000e2b00000,0x00000000e4180000)
 ParOldGen       total 69632K, used 36058K [0x0000000081600000, 0x0000000085a00000, 0x00000000d5d00000)
  object space 69632K, 51% used [0x0000000081600000,0x0000000083936a98,0x0000000085a00000)
 Metaspace       used 24003K, capacity 24620K, committed 24752K, reserved 1071104K
  class space    used 2794K, capacity 2967K, committed 2992K, reserved 1048576K
}
Event: 26.389 GC heap before
{Heap before GC invocations=19 (full 1):
 PSYoungGen      total 159744K, used 159729K [0x00000000d5d00000, 0x00000000e4180000, 0x0000000100000000)
  eden space 140800K, 100% used [0x00000000d5d00000,0x00000000de680000,0x00000000de680000)
  from space 18944K, 99% used [0x00000000de680000,0x00000000df8fc748,0x00000000df900000)
  to   space 23040K, 0% used [0x00000000e2b00000,0x00000000e2b00000,0x00000000e4180000)
 ParOldGen       total 69632K, used 36058K [0x0000000081600000, 0x0000000085a00000, 0x00000000d5d00000)
  object space 69632K, 51% used [0x0000000081600000,0x0000000083936a98,0x0000000085a00000)
 Metaspace       used 24013K, capacity 24630K, committed 24752K, reserved 1071104K
  class space    used 2795K, capacity 2969K, committed 2992K, reserved 1048576K
Event: 26.456 GC heap after
Heap after GC invocations=19 (full 1):
 PSYoungGen      total 207872K, used 22933K [0x00000000d5d00000, 0x00000000e4780000, 0x0000000100000000)
  eden space 184832K, 0% used [0x00000000d5d00000,0x00000000d5d00000,0x00000000e1180000)
  from space 23040K, 99% used [0x00000000e2b00000,0x00000000e41654f0,0x00000000e4180000)
  to   space 26112K, 0% used [0x00000000e1180000,0x00000000e1180000,0x00000000e2b00000)
 ParOldGen       total 69632K, used 39239K [0x0000000081600000, 0x0000000085a00000, 0x00000000d5d00000)
  object space 69632K, 56% used [0x0000000081600000,0x0000000083c51fe8,0x0000000085a00000)
 Metaspace       used 24013K, capacity 24630K, committed 24752K, reserved 1071104K
  class space    used 2795K, capacity 2969K, committed 2992K, reserved 1048576K
}
Event: 32.191 GC heap before
{Heap before GC invocations=20 (full 1):
 PSYoungGen      total 207872K, used 136900K [0x00000000d5d00000, 0x00000000e4780000, 0x0000000100000000)
  eden space 184832K, 61% used [0x00000000d5d00000,0x00000000dcc4bb10,0x00000000e1180000)
  from space 23040K, 99% used [0x00000000e2b00000,0x00000000e41654f0,0x00000000e4180000)
  to   space 26112K, 0% used [0x00000000e1180000,0x00000000e1180000,0x00000000e2b00000)
 ParOldGen       total 69632K, used 39239K [0x0000000081600000, 0x0000000085a00000, 0x00000000d5d00000)
  object space 69632K, 56% used [0x0000000081600000,0x0000000083c51fe8,0x0000000085a00000)
 Metaspace       used 34402K, capacity 35118K, committed 35496K, reserved 1081344K
  class space    used 4079K, capacity 4267K, committed 4272K, reserved 1048576K
Event: 32.240 GC heap after
Heap after GC invocations=20 (full 1):
 PSYoungGen      total 210944K, used 11751K [0x00000000d5d00000, 0x00000000e7c80000, 0x0000000100000000)
  eden space 184832K, 0% used [0x00000000d5d00000,0x00000000d5d00000,0x00000000e1180000)
  from space 26112K, 45% used [0x00000000e1180000,0x00000000e1cf9fe0,0x00000000e2b00000)
  to   space 25088K, 0% used [0x00000000e6400000,0x00000000e6400000,0x00000000e7c80000)
 ParOldGen       total 69632K, used 44143K [0x0000000081600000, 0x0000000085a00000, 0x00000000d5d00000)
  object space 69632K, 63% used [0x0000000081600000,0x000000008411bea8,0x0000000085a00000)
 Metaspace       used 34402K, capacity 35118K, committed 35496K, reserved 1081344K
  class space    used 4079K, capacity 4267K, committed 4272K, reserved 1048576K
}
Event: 32.240 GC heap before
{Heap before GC invocations=21 (full 2):
 PSYoungGen      total 210944K, used 11751K [0x00000000d5d00000, 0x00000000e7c80000, 0x0000000100000000)
  eden space 184832K, 0% used [0x00000000d5d00000,0x00000000d5d00000,0x00000000e1180000)
  from space 26112K, 45% used [0x00000000e1180000,0x00000000e1cf9fe0,0x00000000e2b00000)
  to   space 25088K, 0% used [0x00000000e6400000,0x00000000e6400000,0x00000000e7c80000)
 ParOldGen       total 69632K, used 44143K [0x0000000081600000, 0x0000000085a00000, 0x00000000d5d00000)
  object space 69632K, 63% used [0x0000000081600000,0x000000008411bea8,0x0000000085a00000)
 Metaspace       used 34402K, capacity 35118K, committed 35496K, reserved 1081344K
  class space    used 4079K, capacity 4267K, committed 4272K, reserved 1048576K
Event: 32.449 GC heap after
Heap after GC invocations=21 (full 2):
 PSYoungGen      total 210944K, used 0K [0x00000000d5d00000, 0x00000000e7c80000, 0x0000000100000000)
  eden space 184832K, 0% used [0x00000000d5d00000,0x00000000d5d00000,0x00000000e1180000)
  from space 26112K, 0% used [0x00000000e1180000,0x00000000e1180000,0x00000000e2b00000)
  to   space 25088K, 0% used [0x00000000e6400000,0x00000000e6400000,0x00000000e7c80000)
 ParOldGen       total 105472K, used 36799K [0x0000000081600000, 0x0000000087d00000, 0x00000000d5d00000)
  object space 105472K, 34% used [0x0000000081600000,0x00000000839efcf8,0x0000000087d00000)
 Metaspace       used 34402K, capacity 35118K, committed 35496K, reserved 1081344K
  class space    used 4079K, capacity 4267K, committed 4272K, reserved 1048576K
}
Event: 36.250 GC heap before
{Heap before GC invocations=22 (full 2):
 PSYoungGen      total 210944K, used 184832K [0x00000000d5d00000, 0x00000000e7c80000, 0x0000000100000000)
  eden space 184832K, 100% used [0x00000000d5d00000,0x00000000e1180000,0x00000000e1180000)
  from space 26112K, 0% used [0x00000000e1180000,0x00000000e1180000,0x00000000e2b00000)
  to   space 25088K, 0% used [0x00000000e6400000,0x00000000e6400000,0x00000000e7c80000)
 ParOldGen       total 105472K, used 36799K [0x0000000081600000, 0x0000000087d00000, 0x00000000d5d00000)
  object space 105472K, 34% used [0x0000000081600000,0x00000000839efcf8,0x0000000087d00000)
 Metaspace       used 38753K, capacity 39492K, committed 39848K, reserved 1085440K
  class space    used 4538K, capacity 4756K, committed 4784K, reserved 1048576K
Event: 36.272 GC heap after
Heap after GC invocations=22 (full 2):
 PSYoungGen      total 254976K, used 9160K [0x00000000d5d00000, 0x00000000e7480000, 0x0000000100000000)
  eden space 238080K, 0% used [0x00000000d5d00000,0x00000000d5d00000,0x00000000e4580000)
  from space 16896K, 54% used [0x00000000e6400000,0x00000000e6cf21c0,0x00000000e7480000)
  to   space 24064K, 0% used [0x00000000e4580000,0x00000000e4580000,0x00000000e5d00000)
 ParOldGen       total 105472K, used 36807K [0x0000000081600000, 0x0000000087d00000, 0x00000000d5d00000)
  object space 105472K, 34% used [0x0000000081600000,0x00000000839f1cf8,0x0000000087d00000)
 Metaspace       used 38753K, capacity 39492K, committed 39848K, reserved 1085440K
  class space    used 4538K, capacity 4756K, committed 4784K, reserved 1048576K
}

Deoptimization events (10 events):
Event: 37.626 Thread 0x000000001cc37800 Uncommon trap: reason=unstable_if action=reinterpret pc=0x0000000005d98948 method=java.io.WinNTFileSystem.resolve(Ljava/lang/String;Ljava/lang/String;)Ljava/lang/String; @ 36
Event: 37.640 Thread 0x0000000004d9d800 Uncommon trap: reason=unstable_if action=reinterpret pc=0x000000000632b784 method=sun.nio.cs.ext.DoubleByte$Encoder.encodeArrayLoop(Ljava/nio/CharBuffer;Ljava/nio/ByteBuffer;)Ljava/nio/charset/CoderResult; @ 218
Event: 238.959 Thread 0x000000002567e800 Uncommon trap: reason=unstable_if action=reinterpret pc=0x00000000062cb778 method=java.io.ExpiringCache.entryFor(Ljava/lang/String;)Ljava/io/ExpiringCache$Entry; @ 39
Event: 238.959 Thread 0x000000002567e800 Uncommon trap: reason=unstable_if action=reinterpret pc=0x0000000005d36430 method=java.util.LinkedHashMap.afterNodeRemoval(Ljava/util/HashMap$Node;)V @ 27
Event: 307.993 Thread 0x000000001fa28800 Uncommon trap: reason=predicate action=maybe_recompile pc=0x0000000005cb09f8 method=java.util.AbstractCollection.toArray([Ljava/lang/Object;)[Ljava/lang/Object; @ 49
Event: 502.860 Thread 0x000000001fa26000 Uncommon trap: reason=class_check action=maybe_recompile pc=0x0000000005a2c140 method=java.util.Collections$UnmodifiableMap.size()I @ 4
Event: 503.013 Thread 0x000000001fa23000 Uncommon trap: reason=unstable_if action=reinterpret pc=0x00000000059ccb34 method=java.util.Properties.getProperty(Ljava/lang/String;)Ljava/lang/String; @ 30
Event: 503.613 Thread 0x000000001fa23000 Uncommon trap: reason=unstable_if action=reinterpret pc=0x000000000517d76c method=java.lang.Math.min(FF)F @ 37
Event: 504.344 Thread 0x000000001fa24000 Uncommon trap: reason=class_check action=maybe_recompile pc=0x0000000005a2c140 method=java.util.Collections$UnmodifiableMap.size()I @ 4
Event: 504.345 Thread 0x000000001fa24000 Uncommon trap: reason=array_check action=maybe_recompile pc=0x00000000057b21f0 method=java.util.AbstractCollection.toArray([Ljava/lang/Object;)[Ljava/lang/Object; @ 119

Classes redefined (0 events):
No events

Internal exceptions (10 events):
Event: 35.389 Thread 0x000000001cc37800 Exception <a 'java/lang/NoClassDefFoundError': org/apache/cxf/Bus> (0x00000000df8d0558) thrown at [C:\re\workspace\8-2-build-windows-amd64-cygwin\jdk8u181\11358\hotspot\src\share\vm\classfile\systemDictionary.cpp, line 199]
Event: 35.405 Thread 0x000000001cc37800 Exception <a 'java/lang/NoClassDefFoundError': net/rubyeye/xmemcached/MemcachedClientBuilder> (0x00000000df8f7420) thrown at [C:\re\workspace\8-2-build-windows-amd64-cygwin\jdk8u181\11358\hotspot\src\share\vm\classfile\systemDictionary.cpp, line 199]
Event: 35.409 Thread 0x000000001cc37800 Exception <a 'java/lang/NoClassDefFoundError': org/jboss/resteasy/client/jaxrs/ClientHttpEngine> (0x00000000df93e110) thrown at [C:\re\workspace\8-2-build-windows-amd64-cygwin\jdk8u181\11358\hotspot\src\share\vm\classfile\systemDictionary.cpp, line 199]
Event: 36.610 Thread 0x000000001cc37800 Exception <a 'java/lang/NoClassDefFoundError': org/apache/thrift/TException> (0x00000000d61ae368) thrown at [C:\re\workspace\8-2-build-windows-amd64-cygwin\jdk8u181\11358\hotspot\src\share\vm\classfile\systemDictionary.cpp, line 199]
Event: 37.581 Thread 0x000000001cc37800 Exception <a 'java/io/FileNotFoundException'> (0x00000000d8252d60) thrown at [C:\re\workspace\8-2-build-windows-amd64-cygwin\jdk8u181\11358\hotspot\src\share\vm\prims\jni.cpp, line 709]
Event: 239.025 Thread 0x000000002567e800 Exception <a 'java/lang/NullPointerException'> (0x00000000d925dbe8) thrown at [C:\re\workspace\8-2-build-windows-amd64-cygwin\jdk8u181\11358\hotspot\src\share\vm\interpreter\linkResolver.cpp, line 1185]
Event: 298.945 Thread 0x000000002567e800 Exception <a 'java/lang/NullPointerException'> (0x00000000d92f5f08) thrown at [C:\re\workspace\8-2-build-windows-amd64-cygwin\jdk8u181\11358\hotspot\src\share\vm\interpreter\linkResolver.cpp, line 1185]
Event: 358.948 Thread 0x000000002567e800 Exception <a 'java/lang/NullPointerException'> (0x00000000d92fa880) thrown at [C:\re\workspace\8-2-build-windows-amd64-cygwin\jdk8u181\11358\hotspot\src\share\vm\interpreter\linkResolver.cpp, line 1185]
Event: 418.950 Thread 0x000000002567e800 Exception <a 'java/lang/NullPointerException'> (0x00000000d92ff1f8) thrown at [C:\re\workspace\8-2-build-windows-amd64-cygwin\jdk8u181\11358\hotspot\src\share\vm\interpreter\linkResolver.cpp, line 1185]
Event: 478.951 Thread 0x000000002567e800 Exception <a 'java/lang/NullPointerException'> (0x00000000d9303b70) thrown at [C:\re\workspace\8-2-build-windows-amd64-cygwin\jdk8u181\11358\hotspot\src\share\vm\interpreter\linkResolver.cpp, line 1185]

Events (10 events):
Event: 504.407 loading class com/pinyougou/pojo/TbOrderItemHessianSerializer
Event: 504.407 loading class com/pinyougou/pojo/TbOrderItemHessianSerializer done
Event: 504.407 loading class com/pinyougou/pojo/TbOrderItemHessianSerializer
Event: 504.407 loading class com/pinyougou/pojo/TbOrderItemHessianSerializer done
Event: 504.407 loading class com/pinyougou/pojo/TbOrderItemHessianSerializer
Event: 504.407 loading class com/pinyougou/pojo/TbOrderItemHessianSerializer done
Event: 504.408 Executing VM operation: RevokeBias
Event: 504.408 Executing VM operation: RevokeBias done
Event: 504.409 Executing VM operation: RevokeBias
Event: 504.409 Executing VM operation: RevokeBias done


Dynamic libraries:
0x00007ff6efad0000 - 0x00007ff6efb07000 	D:\develop\jdk8\bin\javaw.exe
0x00007ff91b320000 - 0x00007ff91b500000 	C:\windows\SYSTEM32\ntdll.dll
0x00007ff918850000 - 0x00007ff9188fe000 	C:\windows\System32\KERNEL32.DLL
0x00007ff917720000 - 0x00007ff917986000 	C:\windows\System32\KERNELBASE.dll
0x00007ff9192d0000 - 0x00007ff919371000 	C:\windows\System32\ADVAPI32.dll
0x00007ff91b090000 - 0x00007ff91b12d000 	C:\windows\System32\msvcrt.dll
0x00007ff9187f0000 - 0x00007ff91884b000 	C:\windows\System32\sechost.dll
0x00007ff918c70000 - 0x00007ff918d8f000 	C:\windows\System32\RPCRT4.dll
0x00007ff91a950000 - 0x00007ff91aade000 	C:\windows\System32\USER32.dll
0x00007ff9187d0000 - 0x00007ff9187f0000 	C:\windows\System32\win32u.dll
0x00007ff9192a0000 - 0x00007ff9192c8000 	C:\windows\System32\GDI32.dll
0x00007ff918330000 - 0x00007ff9184c1000 	C:\windows\System32\gdi32full.dll
0x00007ff918290000 - 0x00007ff91832b000 	C:\windows\System32\msvcp_win.dll
0x00007ff918190000 - 0x00007ff918286000 	C:\windows\System32\ucrtbase.dll
0x00007ff90d170000 - 0x00007ff90d3d9000 	C:\windows\WinSxS\amd64_microsoft.windows.common-controls_6595b64144ccf1df_6.0.16299.15_none_cc92fb402215d91d\COMCTL32.dll
0x00007ff91acb0000 - 0x00007ff91afb8000 	C:\windows\System32\combase.dll
0x00007ff918750000 - 0x00007ff9187c2000 	C:\windows\System32\bcryptPrimitives.dll
0x00007ff91b240000 - 0x00007ff91b26d000 	C:\windows\System32\IMM32.DLL
0x00000000634c0000 - 0x0000000063592000 	D:\develop\jdk8\jre\bin\msvcr100.dll
0x0000000062c10000 - 0x00000000634b2000 	D:\develop\jdk8\jre\bin\server\jvm.dll
0x00007ff919380000 - 0x00007ff919388000 	C:\windows\System32\PSAPI.DLL
0x00007ff911ec0000 - 0x00007ff911eca000 	C:\windows\SYSTEM32\VERSION.dll
0x00007ff914700000 - 0x00007ff914723000 	C:\windows\SYSTEM32\WINMM.dll
0x00007ff9146a0000 - 0x00007ff9146ca000 	C:\windows\SYSTEM32\winmmbase.dll
0x00007ff917990000 - 0x00007ff9179da000 	C:\windows\System32\cfgmgr32.dll
0x00007ff9025e0000 - 0x00007ff9025e9000 	C:\windows\SYSTEM32\WSOCK32.dll
0x00007ff91a880000 - 0x00007ff91a8ec000 	C:\windows\System32\WS2_32.dll
0x0000000062c00000 - 0x0000000062c0f000 	D:\develop\jdk8\jre\bin\verify.dll
0x0000000062bd0000 - 0x0000000062bf9000 	D:\develop\jdk8\jre\bin\java.dll
0x0000000062bb0000 - 0x0000000062bc6000 	D:\develop\jdk8\jre\bin\zip.dll
0x00007ff919440000 - 0x00007ff91a877000 	C:\windows\System32\SHELL32.dll
0x00007ff919390000 - 0x00007ff919436000 	C:\windows\System32\shcore.dll
0x00007ff9179e0000 - 0x00007ff918127000 	C:\windows\System32\windows.storage.dll
0x00007ff91aae0000 - 0x00007ff91ab31000 	C:\windows\System32\shlwapi.dll
0x00007ff917700000 - 0x00007ff917711000 	C:\windows\System32\kernel.appcore.dll
0x00007ff917670000 - 0x00007ff9176bc000 	C:\windows\System32\powrprof.dll
0x00007ff9176e0000 - 0x00007ff9176fb000 	C:\windows\System32\profapi.dll
0x00007ff917090000 - 0x00007ff9170a7000 	C:\windows\SYSTEM32\CRYPTSP.dll
0x00007ff916ae0000 - 0x00007ff916b13000 	C:\windows\system32\rsaenh.dll
0x00007ff9171a0000 - 0x00007ff9171c5000 	C:\windows\SYSTEM32\bcrypt.dll
0x00007ff9175a0000 - 0x00007ff9175c9000 	C:\windows\SYSTEM32\USERENV.dll
0x00007ff9170b0000 - 0x00007ff9170bb000 	C:\windows\SYSTEM32\CRYPTBASE.dll
0x0000000062460000 - 0x000000006247a000 	D:\develop\jdk8\jre\bin\net.dll
0x00007ff916ed0000 - 0x00007ff916f36000 	C:\windows\system32\mswsock.dll
0x00007ff916c60000 - 0x00007ff916c99000 	C:\windows\SYSTEM32\IPHLPAPI.DLL
0x00007ff918d90000 - 0x00007ff918d98000 	C:\windows\System32\NSI.dll
0x00007ff911ce0000 - 0x00007ff911cf6000 	C:\windows\SYSTEM32\dhcpcsvc6.DLL
0x00007ff911dc0000 - 0x00007ff911dda000 	C:\windows\SYSTEM32\dhcpcsvc.DLL
0x0000000061f00000 - 0x0000000061f11000 	D:\develop\jdk8\jre\bin\nio.dll
0x00007ff90cc10000 - 0x00007ff90cc1a000 	C:\Users\kejin\AppData\Local\Temp\jansi-1.16-3089232514773091427.dll
0x00007ff90cc00000 - 0x00007ff90cc0a000 	C:\Users\kejin\AppData\Local\Temp\jansi-1.16-2305707488099619385.dll
0x0000000061ed0000 - 0x0000000061edd000 	D:\develop\jdk8\jre\bin\management.dll
0x00007ff905b30000 - 0x00007ff905b46000 	C:\windows\system32\napinsp.dll
0x00007ff905b10000 - 0x00007ff905b2a000 	C:\windows\system32\pnrpnsp.dll
0x00007ff914510000 - 0x00007ff914528000 	C:\windows\system32\NLAapi.dll
0x00007ff916ca0000 - 0x00007ff916d56000 	C:\windows\SYSTEM32\DNSAPI.dll
0x00007ff905b00000 - 0x00007ff905b0e000 	C:\windows\System32\winrnr.dll
0x00007ff905ae0000 - 0x00007ff905af5000 	C:\windows\System32\wshbth.dll
0x00007ff90dc60000 - 0x00007ff90dc6a000 	C:\Windows\System32\rasadhlp.dll
0x00007ff90e500000 - 0x00007ff90e570000 	C:\windows\System32\fwpuclnt.dll

VM Arguments:
jvm_args: -Dmaven.home=D:\develop\maven\apache-maven-3.5.2 -Dclassworlds.conf=D:\develop\eclipse\workspace\.metadata\.plugins\org.eclipse.m2e.launching\launches\m2conf7626791626921096134.tmp -Dmaven.multiModuleProjectDirectory=D:\test\pinyougou-parent\pinyougou-cart-service -Dfile.encoding=GBK 
java_command: org.codehaus.plexus.classworlds.launcher.Launcher -B -gs D:\develop\maven\apache-maven-3.5.2\conf\settings.xml -s D:\develop\maven\apache-maven-3.5.2\conf\settings.xml tomcat7:run
java_class_path (initial): D:\develop\maven\apache-maven-3.5.2\boot\plexus-classworlds-2.5.2.jar
Launcher Type: SUN_STANDARD

Environment Variables:
JAVA_HOME=D:\develop\jdk8
PATH=D:/develop/jdk8/bin/../jre/bin/server;D:/develop/jdk8/bin/../jre/bin;D:/develop/jdk8/bin/../jre/lib/amd64;D:\develop\oracle\product\10.2.0\db_2\bin;C:\ProgramData\Oracle\Java\javapath;C:\windows\system32;C:\windows;C:\windows\System32\Wbem;C:\windows\System32\WindowsPowerShell\v1.0\;D:\develop\jdk8\bin;D:\develop\maven\apache-maven-3.5.2\bin;D:\develop\mysql\bin;D:\develop\Git\cmd;D:\develop\tortoisegit\bin;D:\develop\VisualSVN Server\bin;C:\Program Files\TortoiseSVN\bin;C:\Users\kejin\AppData\Local\Microsoft\WindowsApps;;D:\develop\eclipse\eclipse;
USERNAME=kejin
OS=Windows_NT
PROCESSOR_IDENTIFIER=Intel64 Family 6 Model 61 Stepping 4, GenuineIntel



---------------  S Y S T E M  ---------------

OS: Windows 10.0 , 64 bit Build 16299 (10.0.16299.15)

CPU:total 4 (initial active 4) (2 cores per cpu, 2 threads per core) family 6 model 61 stepping 4, cmov, cx8, fxsr, mmx, sse, sse2, sse3, ssse3, sse4.1, sse4.2, popcnt, avx, avx2, aes, clmul, erms, 3dnowpref, lzcnt, ht, tsc, tscinvbit, bmi1, bmi2, adx

Memory: 4k page, physical 8296900k(516900k free), swap 22740720k(9592k free)

vm_info: Java HotSpot(TM) 64-Bit Server VM (25.181-b13) for windows-amd64 JRE (1.8.0_181-b13), built on Jul  7 2018 04:01:33 by "java_re" with MS VC++ 10.0 (VS2010)

time: Sat Feb 16 16:51:13 2019
elapsed time: 504 seconds (0d 0h 8m 24s)

